2021-06-17 21:32:20,668:INFO:Initializing load_model()
2021-06-17 21:32:20,668:INFO:load_model(model_name=model/modelo-final, platform=None, authentication=None, verbose=True)
2021-06-17 21:32:22,269:INFO:Initializing load_model()
2021-06-17 21:32:22,269:INFO:load_model(model_name=model/modelo-final, platform=None, authentication=None, verbose=True)
2021-06-17 21:32:24,184:INFO:Initializing load_model()
2021-06-17 21:32:24,184:INFO:load_model(model_name=model/modelo-final, platform=None, authentication=None, verbose=True)
2021-06-17 21:33:37,311:INFO:Initializing load_model()
2021-06-17 21:33:37,311:INFO:load_model(model_name=model/modelo-final, platform=None, authentication=None, verbose=True)
2021-06-17 21:33:37,364:INFO:Initializing predict_model()
2021-06-17 21:33:37,367:INFO:predict_model(estimator=Pipeline(steps=[('dtypes',
                 DataTypes_Auto_infer(ml_usecase='regression',
                                      numerical_features=['num_quartos',
                                                          'num_banheiros',
                                                          'garagem',
                                                          'num_andares',
                                                          'aceita_animais',
                                                          'mobilia'],
                                      target='valor_aluguel')),
                ('imputer',
                 Simple_Imputer(categorical_strategy='not_available',
                                fill_value_categorical=None,
                                fill_value_numerical=None,
                                numeric_strategy='mean',
                                target_vari...
                ('binn', 'passthrough'), ('rem_outliers', 'passthrough'),
                ('cluster_all', 'passthrough'),
                ('dummy', Dummify(target='valor_aluguel')),
                ('fix_perfect', Remove_100(target='valor_aluguel')),
                ('clean_names', Clean_Colum_Names()),
                ('feature_select', 'passthrough'), ('fix_multi', 'passthrough'),
                ('dfs', 'passthrough'), ('pca', 'passthrough'),
                ['trained_model',
                 <catboost.core.CatBoostRegressor object at 0x000001CEF1A09520>]]), probability_threshold=None, encoded_labels=True, round=4, verbose=True, ml_usecase=MLUsecase.REGRESSION, display=None)
2021-06-17 21:33:37,368:INFO:Checking exceptions
2021-06-17 21:33:37,369:INFO:Preloading libraries
2021-06-17 22:05:37,189:INFO:Initializing load_model()
2021-06-17 22:05:37,190:INFO:load_model(model_name=model/modelo-final, platform=None, authentication=None, verbose=True)
2021-06-17 22:05:47,317:INFO:Initializing load_model()
2021-06-17 22:05:47,318:INFO:load_model(model_name=model/modelo-final, platform=None, authentication=None, verbose=True)
2021-06-17 22:05:47,377:INFO:Initializing predict_model()
2021-06-17 22:05:47,378:INFO:predict_model(estimator=Pipeline(steps=[('dtypes',
                 DataTypes_Auto_infer(ml_usecase='regression',
                                      numerical_features=['num_quartos',
                                                          'num_banheiros',
                                                          'garagem',
                                                          'num_andares',
                                                          'aceita_animais',
                                                          'mobilia'],
                                      target='valor_aluguel')),
                ('imputer',
                 Simple_Imputer(categorical_strategy='not_available',
                                fill_value_categorical=None,
                                fill_value_numerical=None,
                                numeric_strategy='mean',
                                target_vari...
                ('binn', 'passthrough'), ('rem_outliers', 'passthrough'),
                ('cluster_all', 'passthrough'),
                ('dummy', Dummify(target='valor_aluguel')),
                ('fix_perfect', Remove_100(target='valor_aluguel')),
                ('clean_names', Clean_Colum_Names()),
                ('feature_select', 'passthrough'), ('fix_multi', 'passthrough'),
                ('dfs', 'passthrough'), ('pca', 'passthrough'),
                ['trained_model',
                 <catboost.core.CatBoostRegressor object at 0x00000201B0BC8AF0>]]), probability_threshold=None, encoded_labels=True, round=4, verbose=True, ml_usecase=MLUsecase.REGRESSION, display=None)
2021-06-17 22:05:47,381:INFO:Checking exceptions
2021-06-17 22:05:47,382:INFO:Preloading libraries
